This file contains any messages produced by compilers while
running configure, to aid debugging if configure makes a mistake.

It was created by cmsat configure 2.9.11, which was
generated by GNU Autoconf 2.69.  Invocation command line was

  $ ./configure 

## --------- ##
## Platform. ##
## --------- ##

hostname = yangds-Vostro-5560
uname -m = x86_64
uname -r = 3.19.0-25-generic
uname -s = Linux
uname -v = #26~14.04.1-Ubuntu SMP Fri Jul 24 21:16:20 UTC 2015

/usr/bin/uname -p = unknown
/bin/uname -X     = unknown

/bin/arch              = unknown
/usr/bin/arch -k       = unknown
/usr/convex/getsysinfo = unknown
/usr/bin/hostinfo      = unknown
/bin/machine           = unknown
/usr/bin/oslevel       = unknown
/bin/universe          = unknown

PATH: /usr/local/sbin
PATH: /usr/local/bin
PATH: /usr/sbin
PATH: /usr/bin
PATH: /sbin
PATH: /bin
PATH: /usr/games
PATH: /usr/local/games


## ----------- ##
## Core tests. ##
## ----------- ##

configure:2622: checking build system type
configure:2636: result: x86_64-unknown-linux-gnu
configure:2656: checking host system type
configure:2669: result: x86_64-unknown-linux-gnu
configure:2710: checking how to print strings
configure:2737: result: printf
configure:2809: checking for gcc
configure:2825: found /usr/bin/gcc
configure:2836: result: gcc
configure:3065: checking for C compiler version
configure:3074: gcc --version >&5
gcc (Ubuntu 4.8.4-2ubuntu1~14.04) 4.8.4
Copyright (C) 2013 Free Software Foundation, Inc.
This is free software; see the source for copying conditions.  There is NO
warranty; not even for MERCHANTABILITY or FITNESS FOR A PARTICULAR PURPOSE.

configure:3085: $? = 0
configure:3074: gcc -v >&5
Using built-in specs.
COLLECT_GCC=gcc
COLLECT_LTO_WRAPPER=/usr/lib/gcc/x86_64-linux-gnu/4.8/lto-wrapper
Target: x86_64-linux-gnu
Configured with: ../src/configure -v --with-pkgversion='Ubuntu 4.8.4-2ubuntu1~14.04' --with-bugurl=file:///usr/share/doc/gcc-4.8/README.Bugs --enable-languages=c,c++,java,go,d,fortran,objc,obj-c++ --prefix=/usr --program-suffix=-4.8 --enable-shared --enable-linker-build-id --libexecdir=/usr/lib --without-included-gettext --enable-threads=posix --with-gxx-include-dir=/usr/include/c++/4.8 --libdir=/usr/lib --enable-nls --with-sysroot=/ --enable-clocale=gnu --enable-libstdcxx-debug --enable-libstdcxx-time=yes --enable-gnu-unique-object --disable-libmudflap --enable-plugin --with-system-zlib --disable-browser-plugin --enable-java-awt=gtk --enable-gtk-cairo --with-java-home=/usr/lib/jvm/java-1.5.0-gcj-4.8-amd64/jre --enable-java-home --with-jvm-root-dir=/usr/lib/jvm/java-1.5.0-gcj-4.8-amd64 --with-jvm-jar-dir=/usr/lib/jvm-exports/java-1.5.0-gcj-4.8-amd64 --with-arch-directory=amd64 --with-ecj-jar=/usr/share/java/eclipse-ecj.jar --enable-objc-gc --enable-multiarch --disable-werror --with-arch-32=i686 --with-abi=m64 --with-multilib-list=m32,m64,mx32 --with-tune=generic --enable-checking=release --build=x86_64-linux-gnu --host=x86_64-linux-gnu --target=x86_64-linux-gnu
Thread model: posix
gcc version 4.8.4 (Ubuntu 4.8.4-2ubuntu1~14.04) 
configure:3085: $? = 0
configure:3074: gcc -V >&5
gcc: error: unrecognized command line option '-V'
gcc: fatal error: no input files
compilation terminated.
configure:3085: $? = 4
configure:3074: gcc -qversion >&5
gcc: error: unrecognized command line option '-qversion'
gcc: fatal error: no input files
compilation terminated.
configure:3085: $? = 4
configure:3105: checking whether the C compiler works
configure:3127: gcc    conftest.c  >&5
configure:3131: $? = 0
configure:3179: result: yes
configure:3182: checking for C compiler default output file name
configure:3184: result: a.out
configure:3190: checking for suffix of executables
configure:3197: gcc -o conftest    conftest.c  >&5
configure:3201: $? = 0
configure:3223: result: 
configure:3245: checking whether we are cross compiling
configure:3253: gcc -o conftest    conftest.c  >&5
configure:3257: $? = 0
configure:3264: ./conftest
configure:3268: $? = 0
configure:3283: result: no
configure:3288: checking for suffix of object files
configure:3310: gcc -c   conftest.c >&5
configure:3314: $? = 0
configure:3335: result: o
configure:3339: checking whether we are using the GNU C compiler
configure:3358: gcc -c   conftest.c >&5
configure:3358: $? = 0
configure:3367: result: yes
configure:3376: checking whether gcc accepts -g
configure:3396: gcc -c -g  conftest.c >&5
configure:3396: $? = 0
configure:3437: result: yes
configure:3454: checking for gcc option to accept ISO C89
configure:3517: gcc  -c -g -O2  conftest.c >&5
configure:3517: $? = 0
configure:3530: result: none needed
configure:3555: checking whether gcc understands -c and -o together
configure:3577: gcc -c conftest.c -o conftest2.o
configure:3580: $? = 0
configure:3577: gcc -c conftest.c -o conftest2.o
configure:3580: $? = 0
configure:3592: result: yes
configure:3609: checking for a sed that does not truncate output
configure:3673: result: /bin/sed
configure:3691: checking for grep that handles long lines and -e
configure:3749: result: /bin/grep
configure:3754: checking for egrep
configure:3816: result: /bin/grep -E
configure:3821: checking for fgrep
configure:3883: result: /bin/grep -F
configure:3918: checking for ld used by gcc
configure:3985: result: /usr/bin/ld
configure:3992: checking if the linker (/usr/bin/ld) is GNU ld
configure:4007: result: yes
configure:4019: checking for BSD- or MS-compatible name lister (nm)
configure:4068: result: /usr/bin/nm -B
configure:4198: checking the name lister (/usr/bin/nm -B) interface
configure:4205: gcc -c -g -O2  conftest.c >&5
configure:4208: /usr/bin/nm -B "conftest.o"
configure:4211: output
0000000000000000 B some_variable
configure:4218: result: BSD nm
configure:4221: checking whether ln -s works
configure:4225: result: yes
configure:4233: checking the maximum length of command line arguments
configure:4364: result: 1572864
configure:4381: checking whether the shell understands some XSI constructs
configure:4391: result: yes
configure:4395: checking whether the shell understands "+="
configure:4401: result: yes
configure:4436: checking how to convert x86_64-unknown-linux-gnu file names to x86_64-unknown-linux-gnu format
configure:4476: result: func_convert_file_noop
configure:4483: checking how to convert x86_64-unknown-linux-gnu file names to toolchain format
configure:4503: result: func_convert_file_noop
configure:4510: checking for /usr/bin/ld option to reload object files
configure:4517: result: -r
configure:4591: checking for objdump
configure:4607: found /usr/bin/objdump
configure:4618: result: objdump
configure:4650: checking how to recognize dependent libraries
configure:4848: result: pass_all
configure:4933: checking for dlltool
configure:4963: result: no
configure:4993: checking how to associate runtime and link libraries
configure:5020: result: printf %s\n
configure:5081: checking for ar
configure:5097: found /usr/bin/ar
configure:5108: result: ar
configure:5145: checking for archiver @FILE support
configure:5162: gcc -c -g -O2  conftest.c >&5
configure:5162: $? = 0
configure:5165: ar cru libconftest.a @conftest.lst >&5
configure:5168: $? = 0
configure:5173: ar cru libconftest.a @conftest.lst >&5
ar: conftest.o: No such file or directory
configure:5176: $? = 1
configure:5188: result: @
configure:5246: checking for strip
configure:5262: found /usr/bin/strip
configure:5273: result: strip
configure:5345: checking for ranlib
configure:5361: found /usr/bin/ranlib
configure:5372: result: ranlib
configure:5449: checking for gawk
configure:5479: result: no
configure:5449: checking for mawk
configure:5465: found /usr/bin/mawk
configure:5476: result: mawk
configure:5516: checking command to parse /usr/bin/nm -B output from gcc object
configure:5636: gcc -c -g -O2  conftest.c >&5
configure:5639: $? = 0
configure:5643: /usr/bin/nm -B conftest.o \| sed -n -e 's/^.*[ ]\([ABCDGIRSTW][ABCDGIRSTW]*\)[ ][ ]*\([_A-Za-z][_A-Za-z0-9]*\)$/\1 \2 \2/p' | sed '/ __gnu_lto/d' \> conftest.nm
configure:5646: $? = 0
configure:5712: gcc -o conftest -g -O2   conftest.c conftstm.o >&5
configure:5715: $? = 0
configure:5753: result: ok
configure:5790: checking for sysroot
configure:5820: result: no
configure:5897: gcc -c -g -O2  conftest.c >&5
configure:5900: $? = 0
configure:6089: checking for mt
configure:6105: found /bin/mt
configure:6116: result: mt
configure:6139: checking if mt is a manifest tool
configure:6145: mt '-?'
configure:6153: result: no
configure:6795: checking how to run the C preprocessor
configure:6826: gcc -E  conftest.c
configure:6826: $? = 0
configure:6840: gcc -E  conftest.c
conftest.c:9:28: fatal error: ac_nonexistent.h: No such file or directory
 #include <ac_nonexistent.h>
                            ^
compilation terminated.
configure:6840: $? = 1
configure: failed program was:
| /* confdefs.h */
| #define PACKAGE_NAME "cmsat"
| #define PACKAGE_TARNAME "cmsat"
| #define PACKAGE_VERSION "2.9.11"
| #define PACKAGE_STRING "cmsat 2.9.11"
| #define PACKAGE_BUGREPORT ""
| #define PACKAGE_URL ""
| /* end confdefs.h.  */
| #include <ac_nonexistent.h>
configure:6865: result: gcc -E
configure:6885: gcc -E  conftest.c
configure:6885: $? = 0
configure:6899: gcc -E  conftest.c
conftest.c:9:28: fatal error: ac_nonexistent.h: No such file or directory
 #include <ac_nonexistent.h>
                            ^
compilation terminated.
configure:6899: $? = 1
configure: failed program was:
| /* confdefs.h */
| #define PACKAGE_NAME "cmsat"
| #define PACKAGE_TARNAME "cmsat"
| #define PACKAGE_VERSION "2.9.11"
| #define PACKAGE_STRING "cmsat 2.9.11"
| #define PACKAGE_BUGREPORT ""
| #define PACKAGE_URL ""
| /* end confdefs.h.  */
| #include <ac_nonexistent.h>
configure:6928: checking for ANSI C header files
configure:6948: gcc -c -g -O2  conftest.c >&5
configure:6948: $? = 0
configure:7021: gcc -o conftest -g -O2   conftest.c  >&5
configure:7021: $? = 0
configure:7021: ./conftest
configure:7021: $? = 0
configure:7032: result: yes
configure:7045: checking for sys/types.h
configure:7045: gcc -c -g -O2  conftest.c >&5
configure:7045: $? = 0
configure:7045: result: yes
configure:7045: checking for sys/stat.h
configure:7045: gcc -c -g -O2  conftest.c >&5
configure:7045: $? = 0
configure:7045: result: yes
configure:7045: checking for stdlib.h
configure:7045: gcc -c -g -O2  conftest.c >&5
configure:7045: $? = 0
configure:7045: result: yes
configure:7045: checking for string.h
configure:7045: gcc -c -g -O2  conftest.c >&5
configure:7045: $? = 0
configure:7045: result: yes
configure:7045: checking for memory.h
configure:7045: gcc -c -g -O2  conftest.c >&5
configure:7045: $? = 0
configure:7045: result: yes
configure:7045: checking for strings.h
configure:7045: gcc -c -g -O2  conftest.c >&5
configure:7045: $? = 0
configure:7045: result: yes
configure:7045: checking for inttypes.h
configure:7045: gcc -c -g -O2  conftest.c >&5
configure:7045: $? = 0
configure:7045: result: yes
configure:7045: checking for stdint.h
configure:7045: gcc -c -g -O2  conftest.c >&5
configure:7045: $? = 0
configure:7045: result: yes
configure:7045: checking for unistd.h
configure:7045: gcc -c -g -O2  conftest.c >&5
configure:7045: $? = 0
configure:7045: result: yes
configure:7059: checking for dlfcn.h
configure:7059: gcc -c -g -O2  conftest.c >&5
configure:7059: $? = 0
configure:7059: result: yes
configure:7265: checking for objdir
configure:7280: result: .libs
configure:7547: checking if gcc supports -fno-rtti -fno-exceptions
configure:7565: gcc -c -g -O2  -fno-rtti -fno-exceptions conftest.c >&5
cc1: warning: command line option '-fno-rtti' is valid for C++/ObjC++ but not for C [enabled by default]
configure:7569: $? = 0
configure:7582: result: no
configure:7909: checking for gcc option to produce PIC
configure:7916: result: -fPIC -DPIC
configure:7924: checking if gcc PIC flag -fPIC -DPIC works
configure:7942: gcc -c -g -O2  -fPIC -DPIC -DPIC conftest.c >&5
configure:7946: $? = 0
configure:7959: result: yes
configure:7988: checking if gcc static flag -static works
configure:8016: result: yes
configure:8031: checking if gcc supports -c -o file.o
configure:8052: gcc -c -g -O2  -o out/conftest2.o conftest.c >&5
configure:8056: $? = 0
configure:8078: result: yes
configure:8086: checking if gcc supports -c -o file.o
configure:8133: result: yes
configure:8166: checking whether the gcc linker (/usr/bin/ld -m elf_x86_64) supports shared libraries
configure:9323: result: yes
configure:9360: checking whether -lc should be explicitly linked in
configure:9368: gcc -c -g -O2  conftest.c >&5
configure:9371: $? = 0
configure:9386: gcc -shared  -fPIC -DPIC conftest.o  -v -Wl,-soname -Wl,conftest -o conftest 2\>\&1 \| /bin/grep  -lc  \>/dev/null 2\>\&1
configure:9389: $? = 0
configure:9403: result: no
configure:9563: checking dynamic linker characteristics
configure:10063: gcc -o conftest -g -O2   -Wl,-rpath -Wl,/foo conftest.c  >&5
configure:10063: $? = 0
configure:10297: result: GNU/Linux ld.so
configure:10404: checking how to hardcode library paths into programs
configure:10429: result: immediate
configure:10969: checking whether stripping libraries is possible
configure:10974: result: yes
configure:11009: checking if libtool supports shared libraries
configure:11011: result: yes
configure:11014: checking whether to build shared libraries
configure:11035: result: yes
configure:11038: checking whether to build static libraries
configure:11042: result: yes
configure:11147: checking for g++
configure:11163: found /usr/bin/g++
configure:11174: result: g++
configure:11201: checking for C++ compiler version
configure:11210: g++ --version >&5
g++ (Ubuntu 4.8.4-2ubuntu1~14.04) 4.8.4
Copyright (C) 2013 Free Software Foundation, Inc.
This is free software; see the source for copying conditions.  There is NO
warranty; not even for MERCHANTABILITY or FITNESS FOR A PARTICULAR PURPOSE.

configure:11221: $? = 0
configure:11210: g++ -v >&5
Using built-in specs.
COLLECT_GCC=g++
COLLECT_LTO_WRAPPER=/usr/lib/gcc/x86_64-linux-gnu/4.8/lto-wrapper
Target: x86_64-linux-gnu
Configured with: ../src/configure -v --with-pkgversion='Ubuntu 4.8.4-2ubuntu1~14.04' --with-bugurl=file:///usr/share/doc/gcc-4.8/README.Bugs --enable-languages=c,c++,java,go,d,fortran,objc,obj-c++ --prefix=/usr --program-suffix=-4.8 --enable-shared --enable-linker-build-id --libexecdir=/usr/lib --without-included-gettext --enable-threads=posix --with-gxx-include-dir=/usr/include/c++/4.8 --libdir=/usr/lib --enable-nls --with-sysroot=/ --enable-clocale=gnu --enable-libstdcxx-debug --enable-libstdcxx-time=yes --enable-gnu-unique-object --disable-libmudflap --enable-plugin --with-system-zlib --disable-browser-plugin --enable-java-awt=gtk --enable-gtk-cairo --with-java-home=/usr/lib/jvm/java-1.5.0-gcj-4.8-amd64/jre --enable-java-home --with-jvm-root-dir=/usr/lib/jvm/java-1.5.0-gcj-4.8-amd64 --with-jvm-jar-dir=/usr/lib/jvm-exports/java-1.5.0-gcj-4.8-amd64 --with-arch-directory=amd64 --with-ecj-jar=/usr/share/java/eclipse-ecj.jar --enable-objc-gc --enable-multiarch --disable-werror --with-arch-32=i686 --with-abi=m64 --with-multilib-list=m32,m64,mx32 --with-tune=generic --enable-checking=release --build=x86_64-linux-gnu --host=x86_64-linux-gnu --target=x86_64-linux-gnu
Thread model: posix
gcc version 4.8.4 (Ubuntu 4.8.4-2ubuntu1~14.04) 
configure:11221: $? = 0
configure:11210: g++ -V >&5
g++: error: unrecognized command line option '-V'
g++: fatal error: no input files
compilation terminated.
configure:11221: $? = 4
configure:11210: g++ -qversion >&5
g++: error: unrecognized command line option '-qversion'
g++: fatal error: no input files
compilation terminated.
configure:11221: $? = 4
configure:11225: checking whether we are using the GNU C++ compiler
configure:11244: g++ -c   conftest.cpp >&5
configure:11244: $? = 0
configure:11253: result: yes
configure:11262: checking whether g++ accepts -g
configure:11282: g++ -c -g  conftest.cpp >&5
configure:11282: $? = 0
configure:11323: result: yes
configure:11364: checking how to run the C++ preprocessor
configure:11391: g++ -E  conftest.cpp
configure:11391: $? = 0
configure:11405: g++ -E  conftest.cpp
conftest.cpp:21:28: fatal error: ac_nonexistent.h: No such file or directory
 #include <ac_nonexistent.h>
                            ^
compilation terminated.
configure:11405: $? = 1
configure: failed program was:
| /* confdefs.h */
| #define PACKAGE_NAME "cmsat"
| #define PACKAGE_TARNAME "cmsat"
| #define PACKAGE_VERSION "2.9.11"
| #define PACKAGE_STRING "cmsat 2.9.11"
| #define PACKAGE_BUGREPORT ""
| #define PACKAGE_URL ""
| #define STDC_HEADERS 1
| #define HAVE_SYS_TYPES_H 1
| #define HAVE_SYS_STAT_H 1
| #define HAVE_STDLIB_H 1
| #define HAVE_STRING_H 1
| #define HAVE_MEMORY_H 1
| #define HAVE_STRINGS_H 1
| #define HAVE_INTTYPES_H 1
| #define HAVE_STDINT_H 1
| #define HAVE_UNISTD_H 1
| #define HAVE_DLFCN_H 1
| #define LT_OBJDIR ".libs/"
| /* end confdefs.h.  */
| #include <ac_nonexistent.h>
configure:11430: result: g++ -E
configure:11450: g++ -E  conftest.cpp
configure:11450: $? = 0
configure:11464: g++ -E  conftest.cpp
conftest.cpp:21:28: fatal error: ac_nonexistent.h: No such file or directory
 #include <ac_nonexistent.h>
                            ^
compilation terminated.
configure:11464: $? = 1
configure: failed program was:
| /* confdefs.h */
| #define PACKAGE_NAME "cmsat"
| #define PACKAGE_TARNAME "cmsat"
| #define PACKAGE_VERSION "2.9.11"
| #define PACKAGE_STRING "cmsat 2.9.11"
| #define PACKAGE_BUGREPORT ""
| #define PACKAGE_URL ""
| #define STDC_HEADERS 1
| #define HAVE_SYS_TYPES_H 1
| #define HAVE_SYS_STAT_H 1
| #define HAVE_STDLIB_H 1
| #define HAVE_STRING_H 1
| #define HAVE_MEMORY_H 1
| #define HAVE_STRINGS_H 1
| #define HAVE_INTTYPES_H 1
| #define HAVE_STDINT_H 1
| #define HAVE_UNISTD_H 1
| #define HAVE_DLFCN_H 1
| #define LT_OBJDIR ".libs/"
| /* end confdefs.h.  */
| #include <ac_nonexistent.h>
configure:11633: checking for ld used by g++
configure:11700: result: /usr/bin/ld -m elf_x86_64
configure:11707: checking if the linker (/usr/bin/ld -m elf_x86_64) is GNU ld
configure:11722: result: yes
configure:11777: checking whether the g++ linker (/usr/bin/ld -m elf_x86_64) supports shared libraries
configure:12779: result: yes
configure:12815: g++ -c -g -O2  conftest.cpp >&5
configure:12818: $? = 0
configure:13338: checking for g++ option to produce PIC
configure:13345: result: -fPIC -DPIC
configure:13353: checking if g++ PIC flag -fPIC -DPIC works
configure:13371: g++ -c -g -O2  -fPIC -DPIC -DPIC conftest.cpp >&5
configure:13375: $? = 0
configure:13388: result: yes
configure:13411: checking if g++ static flag -static works
configure:13439: result: yes
configure:13451: checking if g++ supports -c -o file.o
configure:13472: g++ -c -g -O2  -o out/conftest2.o conftest.cpp >&5
configure:13476: $? = 0
configure:13498: result: yes
configure:13503: checking if g++ supports -c -o file.o
configure:13550: result: yes
configure:13580: checking whether the g++ linker (/usr/bin/ld -m elf_x86_64) supports shared libraries
configure:13619: result: yes
configure:13760: checking dynamic linker characteristics
configure:14428: result: GNU/Linux ld.so
configure:14481: checking how to hardcode library paths into programs
configure:14506: result: immediate
configure:14556: checking for gcc bug number 47365
configure:14662: g++ -o conftest -g -O3 -Wall -pedantic   conftest.cpp  >&5
configure:14662: $? = 0
configure:14662: ./conftest
configure:14662: $? = 0
configure:14673: result: no
configure:14677: result: Your gcc version doesn't _seem_ broken
configure:14686: checking static linking
configure:14695: result: no
configure:14717: checking for a BSD-compatible install
configure:14785: result: /usr/bin/install -c
configure:14796: checking whether build environment is sane
configure:14851: result: yes
configure:14999: checking for a thread-safe mkdir -p
configure:15038: result: /bin/mkdir -p
configure:15041: checking whether make sets $(MAKE)
configure:15063: result: yes
configure:15093: checking for style of include used by make
configure:15121: result: GNU
configure:15155: checking whether make supports nested variables
configure:15172: result: yes
configure:15257: checking dependency style of gcc
configure:15368: result: gcc3
configure:15385: checking dependency style of g++
configure:15496: result: gcc3
configure:15559: checking iostream usability
configure:15559: g++ -c -g -O3 -Wall -pedantic  conftest.cpp >&5
configure:15559: $? = 0
configure:15559: result: yes
configure:15559: checking iostream presence
configure:15559: g++ -E  conftest.cpp
configure:15559: $? = 0
configure:15559: result: yes
configure:15559: checking for iostream
configure:15559: result: yes
configure:15575: checking size of int
configure:15580: g++ -o conftest -g -O3 -Wall -pedantic   conftest.cpp  >&5
configure:15580: $? = 0
configure:15580: ./conftest
configure:15580: $? = 0
configure:15594: result: 4
configure:15608: checking size of long
configure:15613: g++ -o conftest -g -O3 -Wall -pedantic   conftest.cpp  >&5
configure:15613: $? = 0
configure:15613: ./conftest
configure:15613: $? = 0
configure:15627: result: 8
configure:15641: checking size of size_t
configure:15646: g++ -o conftest -g -O3 -Wall -pedantic   conftest.cpp  >&5
configure:15646: $? = 0
configure:15646: ./conftest
configure:15646: $? = 0
configure:15660: result: 8
configure:15689: checking for g++ option to support OpenMP
configure:15704: g++ -o conftest -g -O3 -Wall -pedantic   conftest.cpp  >&5
conftest.cpp:30:2: error: 'choke' does not name a type
  choke me
  ^
In file included from conftest.cpp:32:0:
/usr/lib/gcc/x86_64-linux-gnu/4.8/include/omp.h:38:3: error: 'omp_lock_t' does not name a type
 } omp_lock_t;
   ^
/usr/lib/gcc/x86_64-linux-gnu/4.8/include/omp.h:81:28: error: variable or field 'omp_init_lock' declared void
 extern void omp_init_lock (omp_lock_t *) __GOMP_NOTHROW;
                            ^
/usr/lib/gcc/x86_64-linux-gnu/4.8/include/omp.h:81:28: error: 'omp_lock_t' was not declared in this scope
/usr/lib/gcc/x86_64-linux-gnu/4.8/include/omp.h:81:40: error: expected primary-expression before ')' token
 extern void omp_init_lock (omp_lock_t *) __GOMP_NOTHROW;
                                        ^
/usr/lib/gcc/x86_64-linux-gnu/4.8/include/omp.h:82:31: error: variable or field 'omp_destroy_lock' declared void
 extern void omp_destroy_lock (omp_lock_t *) __GOMP_NOTHROW;
                               ^
/usr/lib/gcc/x86_64-linux-gnu/4.8/include/omp.h:82:31: error: 'omp_lock_t' was not declared in this scope
/usr/lib/gcc/x86_64-linux-gnu/4.8/include/omp.h:82:43: error: expected primary-expression before ')' token
 extern void omp_destroy_lock (omp_lock_t *) __GOMP_NOTHROW;
                                           ^
/usr/lib/gcc/x86_64-linux-gnu/4.8/include/omp.h:83:27: error: variable or field 'omp_set_lock' declared void
 extern void omp_set_lock (omp_lock_t *) __GOMP_NOTHROW;
                           ^
/usr/lib/gcc/x86_64-linux-gnu/4.8/include/omp.h:83:27: error: 'omp_lock_t' was not declared in this scope
/usr/lib/gcc/x86_64-linux-gnu/4.8/include/omp.h:83:39: error: expected primary-expression before ')' token
 extern void omp_set_lock (omp_lock_t *) __GOMP_NOTHROW;
                                       ^
/usr/lib/gcc/x86_64-linux-gnu/4.8/include/omp.h:84:29: error: variable or field 'omp_unset_lock' declared void
 extern void omp_unset_lock (omp_lock_t *) __GOMP_NOTHROW;
                             ^
/usr/lib/gcc/x86_64-linux-gnu/4.8/include/omp.h:84:29: error: 'omp_lock_t' was not declared in this scope
/usr/lib/gcc/x86_64-linux-gnu/4.8/include/omp.h:84:41: error: expected primary-expression before ')' token
 extern void omp_unset_lock (omp_lock_t *) __GOMP_NOTHROW;
                                         ^
/usr/lib/gcc/x86_64-linux-gnu/4.8/include/omp.h:85:27: error: 'omp_lock_t' was not declared in this scope
 extern int omp_test_lock (omp_lock_t *) __GOMP_NOTHROW;
                           ^
/usr/lib/gcc/x86_64-linux-gnu/4.8/include/omp.h:85:39: error: expected primary-expression before ')' token
 extern int omp_test_lock (omp_lock_t *) __GOMP_NOTHROW;
                                       ^
/usr/lib/gcc/x86_64-linux-gnu/4.8/include/omp.h:85:41: error: expected ',' or ';' before 'throw'
 extern int omp_test_lock (omp_lock_t *) __GOMP_NOTHROW;
                                         ^
configure:15704: $? = 1
configure: failed program was:
| /* confdefs.h */
| #define PACKAGE_NAME "cmsat"
| #define PACKAGE_TARNAME "cmsat"
| #define PACKAGE_VERSION "2.9.11"
| #define PACKAGE_STRING "cmsat 2.9.11"
| #define PACKAGE_BUGREPORT ""
| #define PACKAGE_URL ""
| #define STDC_HEADERS 1
| #define HAVE_SYS_TYPES_H 1
| #define HAVE_SYS_STAT_H 1
| #define HAVE_STDLIB_H 1
| #define HAVE_STRING_H 1
| #define HAVE_MEMORY_H 1
| #define HAVE_STRINGS_H 1
| #define HAVE_INTTYPES_H 1
| #define HAVE_STDINT_H 1
| #define HAVE_UNISTD_H 1
| #define HAVE_DLFCN_H 1
| #define LT_OBJDIR ".libs/"
| #define PACKAGE "cmsat"
| #define VERSION "2.9.11"
| #define HAVE_IOSTREAM 1
| #define SIZEOF_INT 4
| #define SIZEOF_LONG 8
| #define SIZEOF_SIZE_T 8
| #define USE_GAUSS 1
| /* end confdefs.h.  */
| 
| #ifndef _OPENMP
|  choke me
| #endif
| #include <omp.h>
| int main () { return omp_get_num_threads (); }
| 
configure:15722: g++ -o conftest -g -O3 -Wall -pedantic -fopenmp   conftest.cpp  >&5
configure:15722: $? = 0
configure:15736: result: -fopenmp
configure:15749: checking for gzread in -lz
configure:15774: g++ -o conftest -g -O3 -Wall -pedantic   conftest.cpp -lz   >&5
configure:15774: $? = 0
configure:15783: result: yes
configure:15913: checking that generated files are newer than configure
configure:15919: result: done
configure:15946: creating ./config.status

## ---------------------- ##
## Running config.status. ##
## ---------------------- ##

This file was extended by cmsat config.status 2.9.11, which was
generated by GNU Autoconf 2.69.  Invocation command line was

  CONFIG_FILES    = 
  CONFIG_HEADERS  = 
  CONFIG_LINKS    = 
  CONFIG_COMMANDS = 
  $ ./config.status 

on yangds-Vostro-5560

config.status:1152: creating Makefile
config.status:1152: creating cmsat/Makefile
config.status:1152: creating man/Makefile
config.status:1152: creating config.h
config.status:1381: executing libtool commands
config.status:1381: executing depfiles commands

## ---------------- ##
## Cache variables. ##
## ---------------- ##

ac_cv_build=x86_64-unknown-linux-gnu
ac_cv_c_compiler_gnu=yes
ac_cv_cxx_compiler_gnu=yes
ac_cv_env_CCC_set=
ac_cv_env_CCC_value=
ac_cv_env_CC_set=
ac_cv_env_CC_value=
ac_cv_env_CFLAGS_set=
ac_cv_env_CFLAGS_value=
ac_cv_env_CPPFLAGS_set=
ac_cv_env_CPPFLAGS_value=
ac_cv_env_CPP_set=
ac_cv_env_CPP_value=
ac_cv_env_CXXCPP_set=
ac_cv_env_CXXCPP_value=
ac_cv_env_CXXFLAGS_set=
ac_cv_env_CXXFLAGS_value=
ac_cv_env_CXX_set=
ac_cv_env_CXX_value=
ac_cv_env_LDFLAGS_set=
ac_cv_env_LDFLAGS_value=
ac_cv_env_LIBS_set=
ac_cv_env_LIBS_value=
ac_cv_env_build_alias_set=
ac_cv_env_build_alias_value=
ac_cv_env_host_alias_set=
ac_cv_env_host_alias_value=
ac_cv_env_target_alias_set=
ac_cv_env_target_alias_value=
ac_cv_header_dlfcn_h=yes
ac_cv_header_inttypes_h=yes
ac_cv_header_iostream=yes
ac_cv_header_memory_h=yes
ac_cv_header_stdc=yes
ac_cv_header_stdint_h=yes
ac_cv_header_stdlib_h=yes
ac_cv_header_string_h=yes
ac_cv_header_strings_h=yes
ac_cv_header_sys_stat_h=yes
ac_cv_header_sys_types_h=yes
ac_cv_header_unistd_h=yes
ac_cv_host=x86_64-unknown-linux-gnu
ac_cv_lib_z_gzread=yes
ac_cv_objext=o
ac_cv_path_EGREP='/bin/grep -E'
ac_cv_path_FGREP='/bin/grep -F'
ac_cv_path_GREP=/bin/grep
ac_cv_path_SED=/bin/sed
ac_cv_path_install='/usr/bin/install -c'
ac_cv_path_mkdir=/bin/mkdir
ac_cv_prog_AWK=mawk
ac_cv_prog_CPP='gcc -E'
ac_cv_prog_CXXCPP='g++ -E'
ac_cv_prog_ac_ct_AR=ar
ac_cv_prog_ac_ct_CC=gcc
ac_cv_prog_ac_ct_CXX=g++
ac_cv_prog_ac_ct_MANIFEST_TOOL=mt
ac_cv_prog_ac_ct_OBJDUMP=objdump
ac_cv_prog_ac_ct_RANLIB=ranlib
ac_cv_prog_ac_ct_STRIP=strip
ac_cv_prog_cc_c89=
ac_cv_prog_cc_g=yes
ac_cv_prog_cxx_g=yes
ac_cv_prog_cxx_openmp=-fopenmp
ac_cv_prog_make_make_set=yes
ac_cv_sizeof_int=4
ac_cv_sizeof_long=8
ac_cv_sizeof_size_t=8
am_cv_CC_dependencies_compiler_type=gcc3
am_cv_CXX_dependencies_compiler_type=gcc3
am_cv_make_support_nested_variables=yes
am_cv_prog_cc_c_o=yes
fpre_cv_bug=no
lt_cv_ar_at_file=@
lt_cv_archive_cmds_need_lc=no
lt_cv_deplibs_check_method=pass_all
lt_cv_file_magic_cmd='$MAGIC_CMD'
lt_cv_file_magic_test_file=
lt_cv_ld_reload_flag=-r
lt_cv_nm_interface='BSD nm'
lt_cv_objdir=.libs
lt_cv_path_LD=/usr/bin/ld
lt_cv_path_LDCXX='/usr/bin/ld -m elf_x86_64'
lt_cv_path_NM='/usr/bin/nm -B'
lt_cv_path_mainfest_tool=no
lt_cv_prog_compiler_c_o=yes
lt_cv_prog_compiler_c_o_CXX=yes
lt_cv_prog_compiler_pic='-fPIC -DPIC'
lt_cv_prog_compiler_pic_CXX='-fPIC -DPIC'
lt_cv_prog_compiler_pic_works=yes
lt_cv_prog_compiler_pic_works_CXX=yes
lt_cv_prog_compiler_rtti_exceptions=no
lt_cv_prog_compiler_static_works=yes
lt_cv_prog_compiler_static_works_CXX=yes
lt_cv_prog_gnu_ld=yes
lt_cv_prog_gnu_ldcxx=yes
lt_cv_sharedlib_from_linklib_cmd='printf %s\n'
lt_cv_shlibpath_overrides_runpath=no
lt_cv_sys_global_symbol_pipe='sed -n -e '\''s/^.*[	 ]\([ABCDGIRSTW][ABCDGIRSTW]*\)[	 ][	 ]*\([_A-Za-z][_A-Za-z0-9]*\)$/\1 \2 \2/p'\'' | sed '\''/ __gnu_lto/d'\'''
lt_cv_sys_global_symbol_to_c_name_address='sed -n -e '\''s/^: \([^ ]*\)[ ]*$/  {\"\1\", (void *) 0},/p'\'' -e '\''s/^[ABCDGIRSTW]* \([^ ]*\) \([^ ]*\)$/  {"\2", (void *) \&\2},/p'\'''
lt_cv_sys_global_symbol_to_c_name_address_lib_prefix='sed -n -e '\''s/^: \([^ ]*\)[ ]*$/  {\"\1\", (void *) 0},/p'\'' -e '\''s/^[ABCDGIRSTW]* \([^ ]*\) \(lib[^ ]*\)$/  {"\2", (void *) \&\2},/p'\'' -e '\''s/^[ABCDGIRSTW]* \([^ ]*\) \([^ ]*\)$/  {"lib\2", (void *) \&\2},/p'\'''
lt_cv_sys_global_symbol_to_cdecl='sed -n -e '\''s/^T .* \(.*\)$/extern int \1();/p'\'' -e '\''s/^[ABCDGIRSTW]* .* \(.*\)$/extern char \1;/p'\'''
lt_cv_sys_max_cmd_len=1572864
lt_cv_to_host_file_cmd=func_convert_file_noop
lt_cv_to_tool_file_cmd=func_convert_file_noop

## ----------------- ##
## Output variables. ##
## ----------------- ##

ACLOCAL='${SHELL} /home/yangds/下载/SAT/cryptominisat/missing aclocal-1.14'
AMDEPBACKSLASH='\'
AMDEP_FALSE='#'
AMDEP_TRUE=''
AMTAR='$${TAR-tar}'
AM_BACKSLASH='\'
AM_DEFAULT_V='$(AM_DEFAULT_VERBOSITY)'
AM_DEFAULT_VERBOSITY='1'
AM_V='$(V)'
AR='ar'
AUTOCONF='${SHELL} /home/yangds/下载/SAT/cryptominisat/missing autoconf'
AUTOHEADER='${SHELL} /home/yangds/下载/SAT/cryptominisat/missing autoheader'
AUTOMAKE='${SHELL} /home/yangds/下载/SAT/cryptominisat/missing automake-1.14'
AWK='mawk'
CC='gcc'
CCDEPMODE='depmode=gcc3'
CFLAGS='-g -O2'
CPP='gcc -E'
CPPFLAGS=''
CXX='g++'
CXXCPP='g++ -E'
CXXDEPMODE='depmode=gcc3'
CXXFLAGS='-g -O3 -Wall -pedantic'
CYGPATH_W='echo'
DEFS='-DHAVE_CONFIG_H'
DEPDIR='.deps'
DLLTOOL='false'
DSYMUTIL=''
DUMPBIN=''
ECHO_C=''
ECHO_N='-n'
ECHO_T=''
EGREP='/bin/grep -E'
EXEEXT=''
FGREP='/bin/grep -F'
GREP='/bin/grep'
INSTALL_DATA='${INSTALL} -m 644'
INSTALL_PROGRAM='${INSTALL}'
INSTALL_SCRIPT='${INSTALL}'
INSTALL_STRIP_PROGRAM='$(install_sh) -c -s'
LD='/usr/bin/ld -m elf_x86_64'
LDFLAGS=''
LIBOBJS=''
LIBS='-lz '
LIBTOOL='$(SHELL) $(top_builddir)/libtool'
LIPO=''
LN_S='ln -s'
LTLIBOBJS=''
MAKEINFO='${SHELL} /home/yangds/下载/SAT/cryptominisat/missing makeinfo'
MANIFEST_TOOL=':'
MKDIR_P='/bin/mkdir -p'
NM='/usr/bin/nm -B'
NMEDIT=''
OBJDUMP='objdump'
OBJEXT='o'
OPENMP_CXXFLAGS='-fopenmp'
OTOOL64=''
OTOOL=''
PACKAGE='cmsat'
PACKAGE_BUGREPORT=''
PACKAGE_NAME='cmsat'
PACKAGE_STRING='cmsat 2.9.11'
PACKAGE_TARNAME='cmsat'
PACKAGE_URL=''
PACKAGE_VERSION='2.9.11'
PATH_SEPARATOR=':'
RANLIB='ranlib'
SED='/bin/sed'
SET_MAKE=''
SHELL='/bin/bash'
STRIP='strip'
VERSION='2.9.11'
ac_ct_AR='ar'
ac_ct_CC='gcc'
ac_ct_CXX='g++'
ac_ct_DUMPBIN=''
am__EXEEXT_FALSE=''
am__EXEEXT_TRUE='#'
am__fastdepCC_FALSE='#'
am__fastdepCC_TRUE=''
am__fastdepCXX_FALSE='#'
am__fastdepCXX_TRUE=''
am__include='include'
am__isrc=''
am__leading_dot='.'
am__nodep='_no'
am__quote=''
am__tar='$${TAR-tar} chof - "$$tardir"'
am__untar='$${TAR-tar} xf -'
bindir='${exec_prefix}/bin'
build='x86_64-unknown-linux-gnu'
build_alias=''
build_cpu='x86_64'
build_os='linux-gnu'
build_vendor='unknown'
datadir='${datarootdir}'
datarootdir='${prefix}/share'
docdir='${datarootdir}/doc/${PACKAGE_TARNAME}'
dvidir='${docdir}'
exec_prefix='${prefix}'
host='x86_64-unknown-linux-gnu'
host_alias=''
host_cpu='x86_64'
host_os='linux-gnu'
host_vendor='unknown'
htmldir='${docdir}'
includedir='${prefix}/include'
infodir='${datarootdir}/info'
install_sh='${SHELL} /home/yangds/下载/SAT/cryptominisat/install-sh'
libdir='${exec_prefix}/lib'
libexecdir='${exec_prefix}/libexec'
localedir='${datarootdir}/locale'
localstatedir='${prefix}/var'
mandir='${datarootdir}/man'
mkdir_p='$(MKDIR_P)'
oldincludedir='/usr/include'
pdfdir='${docdir}'
prefix='/usr/local'
program_transform_name='s,x,x,'
psdir='${docdir}'
sbindir='${exec_prefix}/sbin'
sharedstatedir='${prefix}/com'
sysconfdir='${prefix}/etc'
target_alias=''

## ----------- ##
## confdefs.h. ##
## ----------- ##

/* confdefs.h */
#define PACKAGE_NAME "cmsat"
#define PACKAGE_TARNAME "cmsat"
#define PACKAGE_VERSION "2.9.11"
#define PACKAGE_STRING "cmsat 2.9.11"
#define PACKAGE_BUGREPORT ""
#define PACKAGE_URL ""
#define STDC_HEADERS 1
#define HAVE_SYS_TYPES_H 1
#define HAVE_SYS_STAT_H 1
#define HAVE_STDLIB_H 1
#define HAVE_STRING_H 1
#define HAVE_MEMORY_H 1
#define HAVE_STRINGS_H 1
#define HAVE_INTTYPES_H 1
#define HAVE_STDINT_H 1
#define HAVE_UNISTD_H 1
#define HAVE_DLFCN_H 1
#define LT_OBJDIR ".libs/"
#define PACKAGE "cmsat"
#define VERSION "2.9.11"
#define HAVE_IOSTREAM 1
#define SIZEOF_INT 4
#define SIZEOF_LONG 8
#define SIZEOF_SIZE_T 8
#define USE_GAUSS 1
#define HAVE_LIBZ 1

configure: exit 0
